Build started 2014-12-14 10:02:31 PM.
     1>Project "D:\Notes\BCIT\Semester 4\COMP4985\ASN04\FINAL\Source\ChronoTrigger-launcher\ChronoTrigger-launcher\ChronoTrigger-launcher.vcxproj" on node 2 (build target(s)).
     1>InitializeBuildStatus:
         Creating "Debug\ChronoTrigger-launcher.unsuccessfulbuild" because "AlwaysCreate" was specified.
       ClCompile:
         All outputs are up-to-date.
       ResourceCompile:
         C:\Program Files (x86)\Microsoft SDKs\Windows\v7.0A\bin\rc.exe /D _UNICODE /D UNICODE /l"0x0409" /nologo /fo"Debug\icon.res" icon.rc 
       ManifestResourceCompile:
         All outputs are up-to-date.
       Link:
         C:\Program Files (x86)\Microsoft Visual Studio 10.0\VC\bin\link.exe /ERRORREPORT:PROMPT /OUT:"D:\Notes\BCIT\Semester 4\COMP4985\ASN04\FINAL\Source\ChronoTrigger-launcher\Debug\ChronoTrigger-launcher.exe" /INCREMENTAL /NOLOGO kernel32.lib user32.lib gdi32.lib winspool.lib comdlg32.lib advapi32.lib shell32.lib ole32.lib oleaut32.lib uuid.lib odbc32.lib odbccp32.lib /MANIFEST /ManifestFile:"Debug\ChronoTrigger-launcher.exe.intermediate.manifest" /MANIFESTUAC:"level='asInvoker' uiAccess='false'" /DEBUG /PDB:"D:\Notes\BCIT\Semester 4\COMP4985\ASN04\FINAL\Source\ChronoTrigger-launcher\Debug\ChronoTrigger-launcher.pdb" /SUBSYSTEM:CONSOLE /TLBID:1 /DYNAMICBASE /NXCOMPAT /IMPLIB:"D:\Notes\BCIT\Semester 4\COMP4985\ASN04\FINAL\Source\ChronoTrigger-launcher\Debug\ChronoTrigger-launcher.lib" /MACHINE:X86 Debug\icon.res
         "Debug\ChronoTrigger-launcher.exe.embed.manifest.res"
         Debug\main.obj
       Manifest:
         C:\Program Files (x86)\Microsoft SDKs\Windows\v7.0A\bin\mt.exe /nologo /verbose /out:"Debug\ChronoTrigger-launcher.exe.embed.manifest" /manifest "Debug\ChronoTrigger-launcher.exe.intermediate.manifest"
         All outputs are up-to-date.
       LinkEmbedManifest:
         All outputs are up-to-date.
         ChronoTrigger-launcher.vcxproj -> D:\Notes\BCIT\Semester 4\COMP4985\ASN04\FINAL\Source\ChronoTrigger-launcher\Debug\ChronoTrigger-launcher.exe
       FinalizeBuildStatus:
         Deleting file "Debug\ChronoTrigger-launcher.unsuccessfulbuild".
         Touching "Debug\ChronoTrigger-launcher.lastbuildstate".
     1>Done Building Project "D:\Notes\BCIT\Semester 4\COMP4985\ASN04\FINAL\Source\ChronoTrigger-launcher\ChronoTrigger-launcher\ChronoTrigger-launcher.vcxproj" (build target(s)).

Build succeeded.

Time Elapsed 00:00:00.41
