Build started 2014-12-14 9:33:41 PM.
     1>Project "D:\Notes\BCIT\Semester 4\COMP4985\ASN04\FINAL\Source\FinalFantasyVI-launcher\FinalFantasyVI-launcher\FinalFantasyVI-launcher.vcxproj" on node 2 (build target(s)).
     1>PrepareForBuild:
         Creating directory "D:\Notes\BCIT\Semester 4\COMP4985\ASN04\FINAL\Source\FinalFantasyVI-launcher\Debug\".
       InitializeBuildStatus:
         Creating "Debug\FinalFantasyVI-launcher.unsuccessfulbuild" because "AlwaysCreate" was specified.
       ClCompile:
         C:\Program Files (x86)\Microsoft Visual Studio 10.0\VC\bin\CL.exe /c /ZI /nologo /W3 /WX- /Od /Oy- /D WIN32 /D _DEBUG /D _CONSOLE /D _UNICODE /D UNICODE /Gm /EHsc /RTC1 /MDd /GS /fp:precise /Zc:wchar_t /Zc:forScope /Fo"Debug\\" /Fd"Debug\vc100.pdb" /Gd /TP /analyze- /errorReport:prompt main.cpp
         main.cpp
       ManifestResourceCompile:
         C:\Program Files (x86)\Microsoft SDKs\Windows\v7.0A\bin\rc.exe /nologo /fo"Debug\FinalFantasyVI-launcher.exe.embed.manifest.res" Debug\FinalFantasyVI-launcher_manifest.rc 
       Link:
         C:\Program Files (x86)\Microsoft Visual Studio 10.0\VC\bin\link.exe /ERRORREPORT:PROMPT /OUT:"D:\Notes\BCIT\Semester 4\COMP4985\ASN04\FINAL\Source\FinalFantasyVI-launcher\Debug\FinalFantasyVI-launcher.exe" /INCREMENTAL /NOLOGO kernel32.lib user32.lib gdi32.lib winspool.lib comdlg32.lib advapi32.lib shell32.lib ole32.lib oleaut32.lib uuid.lib odbc32.lib odbccp32.lib /MANIFEST /ManifestFile:"Debug\FinalFantasyVI-launcher.exe.intermediate.manifest" /MANIFESTUAC:"level='asInvoker' uiAccess='false'" /DEBUG /PDB:"D:\Notes\BCIT\Semester 4\COMP4985\ASN04\FINAL\Source\FinalFantasyVI-launcher\Debug\FinalFantasyVI-launcher.pdb" /SUBSYSTEM:CONSOLE /TLBID:1 /DYNAMICBASE /NXCOMPAT /IMPLIB:"D:\Notes\BCIT\Semester 4\COMP4985\ASN04\FINAL\Source\FinalFantasyVI-launcher\Debug\FinalFantasyVI-launcher.lib" /MACHINE:X86 "Debug\FinalFantasyVI-launcher.exe.embed.manifest.res"
         Debug\main.obj
       Manifest:
         C:\Program Files (x86)\Microsoft SDKs\Windows\v7.0A\bin\mt.exe /nologo /verbose /out:"Debug\FinalFantasyVI-launcher.exe.embed.manifest" /manifest "Debug\FinalFantasyVI-launcher.exe.intermediate.manifest"
         C:\Program Files (x86)\Microsoft SDKs\Windows\v7.0A\bin\rc.exe /nologo /fo"Debug\FinalFantasyVI-launcher.exe.embed.manifest.res" Debug\FinalFantasyVI-launcher_manifest.rc 
       LinkEmbedManifest:
         C:\Program Files (x86)\Microsoft Visual Studio 10.0\VC\bin\link.exe /ERRORREPORT:PROMPT /OUT:"D:\Notes\BCIT\Semester 4\COMP4985\ASN04\FINAL\Source\FinalFantasyVI-launcher\Debug\FinalFantasyVI-launcher.exe" /INCREMENTAL /NOLOGO kernel32.lib user32.lib gdi32.lib winspool.lib comdlg32.lib advapi32.lib shell32.lib ole32.lib oleaut32.lib uuid.lib odbc32.lib odbccp32.lib /MANIFEST /ManifestFile:"Debug\FinalFantasyVI-launcher.exe.intermediate.manifest" /MANIFESTUAC:"level='asInvoker' uiAccess='false'" /DEBUG /PDB:"D:\Notes\BCIT\Semester 4\COMP4985\ASN04\FINAL\Source\FinalFantasyVI-launcher\Debug\FinalFantasyVI-launcher.pdb" /SUBSYSTEM:CONSOLE /TLBID:1 /DYNAMICBASE /NXCOMPAT /IMPLIB:"D:\Notes\BCIT\Semester 4\COMP4985\ASN04\FINAL\Source\FinalFantasyVI-launcher\Debug\FinalFantasyVI-launcher.lib" /MACHINE:X86 "Debug\FinalFantasyVI-launcher.exe.embed.manifest.res"
         Debug\main.obj
         FinalFantasyVI-launcher.vcxproj -> D:\Notes\BCIT\Semester 4\COMP4985\ASN04\FINAL\Source\FinalFantasyVI-launcher\Debug\FinalFantasyVI-launcher.exe
       FinalizeBuildStatus:
         Deleting file "Debug\FinalFantasyVI-launcher.unsuccessfulbuild".
         Touching "Debug\FinalFantasyVI-launcher.lastbuildstate".
     1>Done Building Project "D:\Notes\BCIT\Semester 4\COMP4985\ASN04\FINAL\Source\FinalFantasyVI-launcher\FinalFantasyVI-launcher\FinalFantasyVI-launcher.vcxproj" (build target(s)).

Build succeeded.

Time Elapsed 00:00:03.33
