Build started 2014-11-23 7:33:50 PM.
     1>Project "D:\Notes\BCIT\Semester 4\COMP4985\ASN04\FINAL\Source\SecretKeyEncryption\SecretKeyEncryption\SecretKeyEncryption.vcxproj" on node 2 (build target(s)).
     1>InitializeBuildStatus:
         Creating "Debug\SecretKeyEncryption.unsuccessfulbuild" because "AlwaysCreate" was specified.
       ClCompile:
         C:\Program Files (x86)\Microsoft Visual Studio 10.0\VC\bin\CL.exe /c /ZI /nologo /W3 /WX- /Od /Oy- /D WIN32 /D _DEBUG /D _CONSOLE /D _UNICODE /D UNICODE /Gm /EHsc /RTC1 /MDd /GS /fp:precise /Zc:wchar_t /Zc:forScope /Fo"Debug\\" /Fd"Debug\vc100.pdb" /Gd /TP /analyze- /errorReport:prompt main.cpp
         main.cpp
     1>d:\notes\bcit\semester 4\comp4985\asn04\final\source\secretkeyencryption\secretkeyencryption\main.cpp(402): warning C4018: '<' : signed/unsigned mismatch
     1>d:\notes\bcit\semester 4\comp4985\asn04\final\source\secretkeyencryption\secretkeyencryption\main.cpp(410): warning C4018: '<' : signed/unsigned mismatch
       ManifestResourceCompile:
         All outputs are up-to-date.
       Link:
         C:\Program Files (x86)\Microsoft Visual Studio 10.0\VC\bin\link.exe /ERRORREPORT:PROMPT /OUT:"D:\Notes\BCIT\Semester 4\COMP4985\ASN04\FINAL\Source\SecretKeyEncryption\Debug\SecretKeyEncryption.exe" /INCREMENTAL /NOLOGO kernel32.lib user32.lib gdi32.lib winspool.lib comdlg32.lib advapi32.lib shell32.lib ole32.lib oleaut32.lib uuid.lib odbc32.lib odbccp32.lib /MANIFEST /ManifestFile:"Debug\SecretKeyEncryption.exe.intermediate.manifest" /MANIFESTUAC:"level='asInvoker' uiAccess='false'" /DEBUG /PDB:"D:\Notes\BCIT\Semester 4\COMP4985\ASN04\FINAL\Source\SecretKeyEncryption\Debug\SecretKeyEncryption.pdb" /SUBSYSTEM:CONSOLE /TLBID:1 /DYNAMICBASE /NXCOMPAT /IMPLIB:"D:\Notes\BCIT\Semester 4\COMP4985\ASN04\FINAL\Source\SecretKeyEncryption\Debug\SecretKeyEncryption.lib" /MACHINE:X86 Debug\SecretKeyEncryption.exe.embed.manifest.res
         Debug\main.obj
       Manifest:
         C:\Program Files (x86)\Microsoft SDKs\Windows\v7.0A\bin\mt.exe /nologo /verbose /out:"Debug\SecretKeyEncryption.exe.embed.manifest" /manifest Debug\SecretKeyEncryption.exe.intermediate.manifest
         All outputs are up-to-date.
       LinkEmbedManifest:
         All outputs are up-to-date.
         SecretKeyEncryption.vcxproj -> D:\Notes\BCIT\Semester 4\COMP4985\ASN04\FINAL\Source\SecretKeyEncryption\Debug\SecretKeyEncryption.exe
       FinalizeBuildStatus:
         Deleting file "Debug\SecretKeyEncryption.unsuccessfulbuild".
         Touching "Debug\SecretKeyEncryption.lastbuildstate".
     1>Done Building Project "D:\Notes\BCIT\Semester 4\COMP4985\ASN04\FINAL\Source\SecretKeyEncryption\SecretKeyEncryption\SecretKeyEncryption.vcxproj" (build target(s)).

Build succeeded.

Time Elapsed 00:00:00.66
