Build started 2014-08-31 2:52:30 PM.
     1>Project "D:\Notes\BCIT\Semester 4\COMP4985\ASN04\FINAL\Source\CoinFlipper\CoinFlipper\CoinFlipper.vcxproj" on node 2 (build target(s)).
     1>InitializeBuildStatus:
         Creating "Debug\CoinFlipper.unsuccessfulbuild" because "AlwaysCreate" was specified.
       ClCompile:
         c:\Program Files (x86)\Microsoft Visual Studio 10.0\VC\bin\CL.exe /c /ZI /nologo /W3 /WX- /Od /Oy- /D WIN32 /D _DEBUG /D _CONSOLE /D _UNICODE /D UNICODE /Gm /EHsc /RTC1 /MDd /GS /fp:precise /Zc:wchar_t /Zc:forScope /Fo"Debug\\" /Fd"Debug\vc100.pdb" /Gd /TP /analyze- /errorReport:prompt main.cpp
         main.cpp
       ManifestResourceCompile:
         All outputs are up-to-date.
       Link:
         c:\Program Files (x86)\Microsoft Visual Studio 10.0\VC\bin\link.exe /ERRORREPORT:PROMPT /OUT:"D:\Notes\BCIT\Semester 4\COMP4985\ASN04\FINAL\Source\CoinFlipper\Debug\CoinFlipper.exe" /INCREMENTAL /NOLOGO kernel32.lib user32.lib gdi32.lib winspool.lib comdlg32.lib advapi32.lib shell32.lib ole32.lib oleaut32.lib uuid.lib odbc32.lib odbccp32.lib /MANIFEST /ManifestFile:"Debug\CoinFlipper.exe.intermediate.manifest" /MANIFESTUAC:"level='asInvoker' uiAccess='false'" /DEBUG /PDB:"D:\Notes\BCIT\Semester 4\COMP4985\ASN04\FINAL\Source\CoinFlipper\Debug\CoinFlipper.pdb" /SUBSYSTEM:CONSOLE /TLBID:1 /DYNAMICBASE /NXCOMPAT /IMPLIB:"D:\Notes\BCIT\Semester 4\COMP4985\ASN04\FINAL\Source\CoinFlipper\Debug\CoinFlipper.lib" /MACHINE:X86 Debug\CoinFlipper.exe.embed.manifest.res
         Debug\main.obj
       Manifest:
         C:\Program Files (x86)\Microsoft SDKs\Windows\v7.0A\bin\mt.exe /nologo /verbose /out:"Debug\CoinFlipper.exe.embed.manifest" /manifest Debug\CoinFlipper.exe.intermediate.manifest
         All outputs are up-to-date.
       LinkEmbedManifest:
         All outputs are up-to-date.
         CoinFlipper.vcxproj -> D:\Notes\BCIT\Semester 4\COMP4985\ASN04\FINAL\Source\CoinFlipper\Debug\CoinFlipper.exe
       FinalizeBuildStatus:
         Deleting file "Debug\CoinFlipper.unsuccessfulbuild".
         Touching "Debug\CoinFlipper.lastbuildstate".
     1>Done Building Project "D:\Notes\BCIT\Semester 4\COMP4985\ASN04\FINAL\Source\CoinFlipper\CoinFlipper\CoinFlipper.vcxproj" (build target(s)).

Build succeeded.

Time Elapsed 00:00:02.04
