Build started 2014-12-14 10:04:23 PM.
     1>Project "D:\Notes\BCIT\Semester 4\COMP4985\ASN04\FINAL\Source\FinalFantasyVI-launcher\FinalFantasyVI-launcher\FinalFantasyVI-launcher.vcxproj" on node 2 (build target(s)).
     1>InitializeBuildStatus:
         Creating "Release\FinalFantasyVI-launcher.unsuccessfulbuild" because "AlwaysCreate" was specified.
       ClCompile:
         All outputs are up-to-date.
       ResourceCompile:
         C:\Program Files (x86)\Microsoft SDKs\Windows\v7.0A\bin\rc.exe /D _UNICODE /D UNICODE /l"0x0409" /nologo /fo"Release\icon.res" icon.rc 
       Link:
         C:\Program Files (x86)\Microsoft Visual Studio 10.0\VC\bin\link.exe /ERRORREPORT:PROMPT /OUT:"D:\Notes\BCIT\Semester 4\COMP4985\ASN04\FINAL\Source\FinalFantasyVI-launcher\Release\FinalFantasyVI-launcher.exe" /INCREMENTAL:NO /NOLOGO kernel32.lib user32.lib gdi32.lib winspool.lib comdlg32.lib advapi32.lib shell32.lib ole32.lib oleaut32.lib uuid.lib odbc32.lib odbccp32.lib /MANIFEST /ManifestFile:"Release\FinalFantasyVI-launcher.exe.intermediate.manifest" /MANIFESTUAC:"level='asInvoker' uiAccess='false'" /DEBUG /PDB:"D:\Notes\BCIT\Semester 4\COMP4985\ASN04\FINAL\Source\FinalFantasyVI-launcher\Release\FinalFantasyVI-launcher.pdb" /SUBSYSTEM:CONSOLE /OPT:REF /OPT:ICF /LTCG /TLBID:1 /DYNAMICBASE /NXCOMPAT /IMPLIB:"D:\Notes\BCIT\Semester 4\COMP4985\ASN04\FINAL\Source\FinalFantasyVI-launcher\Release\FinalFantasyVI-launcher.lib" /MACHINE:X86 Release\icon.res
         Release\main.obj
         Generating code
         Finished generating code
         FinalFantasyVI-launcher.vcxproj -> D:\Notes\BCIT\Semester 4\COMP4985\ASN04\FINAL\Source\FinalFantasyVI-launcher\Release\FinalFantasyVI-launcher.exe
       Manifest:
         C:\Program Files (x86)\Microsoft SDKs\Windows\v7.0A\bin\mt.exe /nologo /verbose /outputresource:"D:\Notes\BCIT\Semester 4\COMP4985\ASN04\FINAL\Source\FinalFantasyVI-launcher\Release\FinalFantasyVI-launcher.exe;#1" /manifest "Release\FinalFantasyVI-launcher.exe.intermediate.manifest"
       FinalizeBuildStatus:
         Deleting file "Release\FinalFantasyVI-launcher.unsuccessfulbuild".
         Touching "Release\FinalFantasyVI-launcher.lastbuildstate".
     1>Done Building Project "D:\Notes\BCIT\Semester 4\COMP4985\ASN04\FINAL\Source\FinalFantasyVI-launcher\FinalFantasyVI-launcher\FinalFantasyVI-launcher.vcxproj" (build target(s)).

Build succeeded.

Time Elapsed 00:00:00.39
