Build started 2014-04-11 1:55:32 PM.
     1>Project "D:\Notes\BCIT\Semester 4\COMP4985\ASN04\FINAL\Source\CommAudioASN04\CommAudioASN04\CommAudioASN04.vcxproj" on node 2 (build target(s)).
     1>InitializeBuildStatus:
         Creating "Debug\CommAudioASN04.unsuccessfulbuild" because "AlwaysCreate" was specified.
       ClCompile:
         c:\Program Files (x86)\Microsoft Visual Studio 10.0\VC\bin\CL.exe /c /ZI /nologo /W3 /WX- /Od /Oy- /D WIN32 /D _DEBUG /D _WINDOWS /D _UNICODE /D UNICODE /Gm /EHsc /RTC1 /MDd /GS /fp:precise /Zc:wchar_t /Zc:forScope /Fo"Debug\\" /Fd"Debug\vc100.pdb" /Gd /TP /analyze- /errorReport:prompt source.cpp
         source.cpp
     1>d:\notes\bcit\semester 4\comp4985\asn04\final\source\commaudioasn04\commaudioasn04\source.cpp(473): warning C4996: 'wcstombs': This function or variable may be unsafe. Consider using wcstombs_s instead. To disable deprecation, use _CRT_SECURE_NO_WARNINGS. See online help for details.
                 c:\program files (x86)\microsoft visual studio 10.0\vc\include\stdlib.h(533) : see declaration of 'wcstombs'
     1>d:\notes\bcit\semester 4\comp4985\asn04\final\source\commaudioasn04\commaudioasn04\source.cpp(484): warning C4996: 'strcpy': This function or variable may be unsafe. Consider using strcpy_s instead. To disable deprecation, use _CRT_SECURE_NO_WARNINGS. See online help for details.
                 c:\program files (x86)\microsoft visual studio 10.0\vc\include\string.h(105) : see declaration of 'strcpy'
     1>d:\notes\bcit\semester 4\comp4985\asn04\final\source\commaudioasn04\commaudioasn04\source.cpp(237): warning C4101: 'subTime' : unreferenced local variable
     1>d:\notes\bcit\semester 4\comp4985\asn04\final\source\commaudioasn04\commaudioasn04\source.cpp(257): warning C4101: 'streamDataBuffer' : unreferenced local variable
     1>d:\notes\bcit\semester 4\comp4985\asn04\final\source\commaudioasn04\commaudioasn04\source.cpp(279): warning C4101: 'lbCount' : unreferenced local variable
     1>d:\notes\bcit\semester 4\comp4985\asn04\final\source\commaudioasn04\commaudioasn04\source.cpp(236): warning C4101: 'time' : unreferenced local variable
     1>d:\notes\bcit\semester 4\comp4985\asn04\final\source\commaudioasn04\commaudioasn04\source.cpp(242): warning C4101: 'outBuffer' : unreferenced local variable
       ResourceCompile:
         All outputs are up-to-date.
       ManifestResourceCompile:
         All outputs are up-to-date.
       Link:
         c:\Program Files (x86)\Microsoft Visual Studio 10.0\VC\bin\link.exe /ERRORREPORT:PROMPT /OUT:"D:\Notes\BCIT\Semester 4\COMP4985\ASN04\FINAL\Source\CommAudioASN04\Debug\CommAudioASN04.exe" /INCREMENTAL /NOLOGO bass.lib kernel32.lib user32.lib gdi32.lib winspool.lib comdlg32.lib advapi32.lib shell32.lib ole32.lib oleaut32.lib uuid.lib odbc32.lib odbccp32.lib /MANIFEST /ManifestFile:"Debug\CommAudioASN04.exe.intermediate.manifest" /MANIFESTUAC:"level='asInvoker' uiAccess='false'" /DEBUG /PDB:"D:\Notes\BCIT\Semester 4\COMP4985\ASN04\FINAL\Source\CommAudioASN04\Debug\CommAudioASN04.pdb" /SUBSYSTEM:WINDOWS /TLBID:1 /DYNAMICBASE /NXCOMPAT /IMPLIB:"D:\Notes\BCIT\Semester 4\COMP4985\ASN04\FINAL\Source\CommAudioASN04\Debug\CommAudioASN04.lib" /MACHINE:X86 Debug\ASN04.res
         Debug\CommAudioASN04.exe.embed.manifest.res
         Debug\dialogs.obj
         Debug\source.obj
       Manifest:
         C:\Program Files (x86)\Microsoft SDKs\Windows\v7.0A\bin\mt.exe /nologo /verbose /out:"Debug\CommAudioASN04.exe.embed.manifest" /manifest Debug\CommAudioASN04.exe.intermediate.manifest
         All outputs are up-to-date.
       LinkEmbedManifest:
         All outputs are up-to-date.
         CommAudioASN04.vcxproj -> D:\Notes\BCIT\Semester 4\COMP4985\ASN04\FINAL\Source\CommAudioASN04\Debug\CommAudioASN04.exe
       FinalizeBuildStatus:
         Deleting file "Debug\CommAudioASN04.unsuccessfulbuild".
         Touching "Debug\CommAudioASN04.lastbuildstate".
     1>Done Building Project "D:\Notes\BCIT\Semester 4\COMP4985\ASN04\FINAL\Source\CommAudioASN04\CommAudioASN04\CommAudioASN04.vcxproj" (build target(s)).

Build succeeded.

Time Elapsed 00:00:01.11
